Moving cursor to 1 1
Moving cursor to 1 1
ESCAPE
DOWN
--------------------------------------------------------
Cursor Row: 1
Buffer Row: 0
Screen row: 1
Screen down: False
---------
Displaying rows 0 to 23
Moving cursor to 1 1
Moving cursor to 2 1
ESCAPE
DOWN
--------------------------------------------------------
Cursor Row: 2
Buffer Row: 0
Screen row: 2
Screen down: False
---------
Displaying rows 0 to 23
Moving cursor to 1 1
Moving cursor to 3 1
ESCAPE
DOWN
--------------------------------------------------------
Cursor Row: 3
Buffer Row: 0
Screen row: 3
Screen down: False
---------
Displaying rows 0 to 23
Moving cursor to 1 1
Moving cursor to 4 1
ESCAPE
DOWN
--------------------------------------------------------
Cursor Row: 4
Buffer Row: 0
Screen row: 4
Screen down: False
---------
Displaying rows 0 to 23
Moving cursor to 1 1
Moving cursor to 5 1
ESCAPE
DOWN
--------------------------------------------------------
Cursor Row: 5
Buffer Row: 0
Screen row: 5
Screen down: False
---------
Displaying rows 0 to 23
Moving cursor to 1 1
Moving cursor to 6 1
ESCAPE
RIGHT
--------------------------------------------------------
Cursor Row: 5
Buffer Row: 0
Screen row: 5
Screen down: False
---------
Displaying rows 0 to 23
Moving cursor to 1 1
Moving cursor to 6 2
ESCAPE
RIGHT
--------------------------------------------------------
Cursor Row: 5
Buffer Row: 0
Screen row: 5
Screen down: False
---------
Displaying rows 0 to 23
Moving cursor to 1 1
Moving cursor to 6 3
CTRL + Q
Moving cursor to 1 1
Moving cursor to 1 1
Moving cursor to 1 1
Moving cursor to 1 1
27
---------
Displaying rows 0 to 23
Moving cursor to 1 1
Moving cursor to 1 1
27
---------
Displaying rows 0 to 23
Moving cursor to 1 1
Moving cursor to 2 1
17
Moving cursor to 1 1
Moving cursor to 1 1
27
---------
Displaying rows 0 to 23
Moving cursor to 1 1
Moving cursor to 1 2
91
---------
Displaying rows 0 to 23
Moving cursor to 1 1
Moving cursor to 1 3
66
---------
Displaying rows 0 to 23
Moving cursor to 1 1
Moving cursor to 1 4
27
---------
Displaying rows 0 to 23
Moving cursor to 1 1
Moving cursor to 1 5
91
---------
Displaying rows 0 to 23
Moving cursor to 1 1
Moving cursor to 1 6
66
---------
Displaying rows 0 to 23
Moving cursor to 1 1
Moving cursor to 1 7
27
---------
Displaying rows 0 to 23
Moving cursor to 1 1
Moving cursor to 1 8
91
---------
Displaying rows 0 to 23
Moving cursor to 1 1
Moving cursor to 1 9
67
---------
Displaying rows 0 to 23
Moving cursor to 1 1
Moving cursor to 1 10
27
---------
Displaying rows 0 to 23
Moving cursor to 1 1
Moving cursor to 1 11
91
---------
Displaying rows 0 to 23
Moving cursor to 1 1
Moving cursor to 1 12
65
---------
Displaying rows 0 to 23
Moving cursor to 1 1
Moving cursor to 1 13
27
---------
Displaying rows 0 to 23
Moving cursor to 1 1
Moving cursor to 1 14
91
---------
Displaying rows 0 to 23
Moving cursor to 1 1
Moving cursor to 1 15
66
---------
Displaying rows 0 to 23
Moving cursor to 1 1
Moving cursor to 1 16
13
---------
Displaying rows 0 to 23
Moving cursor to 1 1
Moving cursor to 1 17
13
---------
Displaying rows 0 to 23
Moving cursor to 1 1
Moving cursor to 1 18
17
---------
Displaying rows 0 to 23
Moving cursor to 1 1
Moving cursor to 1 19
27
---------
Displaying rows 0 to 23
Moving cursor to 1 1
Moving cursor to 1 20
91
---------
Displaying rows 0 to 23
Moving cursor to 1 1
Moving cursor to 1 21
65
---------
Displaying rows 0 to 23
Moving cursor to 1 1
Moving cursor to 1 22
17
---------
Displaying rows 0 to 23
Moving cursor to 1 1
Moving cursor to 1 23
17
---------
Displaying rows 0 to 23
Moving cursor to 1 1
Moving cursor to 1 24
17
---------
Displaying rows 0 to 23
Moving cursor to 1 1
Moving cursor to 1 25
17
---------
Displaying rows 0 to 23
Moving cursor to 1 1
Moving cursor to 1 26
17
---------
Displaying rows 0 to 23
Moving cursor to 1 1
Moving cursor to 1 27
17
---------
Displaying rows 0 to 23
Moving cursor to 1 1
Moving cursor to 1 28
17
---------
Displaying rows 0 to 23
Moving cursor to 1 1
Moving cursor to 1 29
17
---------
Displaying rows 0 to 23
Moving cursor to 1 1
Moving cursor to 1 30
17
---------
Displaying rows 0 to 23
Moving cursor to 1 1
Moving cursor to 1 31
3
---------
Displaying rows 0 to 23
Moving cursor to 1 1
Moving cursor to 1 32
24
---------
Displaying rows 0 to 23
Moving cursor to 1 1
Moving cursor to 1 33
26
---------
Displaying rows 0 to 23
Moving cursor to 1 1
Moving cursor to 1 34
26
---------
Displaying rows 0 to 23
Moving cursor to 1 1
Moving cursor to 1 35
3
---------
Displaying rows 0 to 23
Moving cursor to 1 1
Moving cursor to 1 36
26
---------
Displaying rows 0 to 23
Moving cursor to 1 1
Moving cursor to 1 37
24
---------
Displaying rows 0 to 23
Moving cursor to 1 1
Moving cursor to 1 38
3
---------
Displaying rows 0 to 23
Moving cursor to 1 1
Moving cursor to 1 39
26
---------
Displaying rows 0 to 23
Moving cursor to 1 1
Moving cursor to 1 40
24
---------
Displaying rows 0 to 23
Moving cursor to 1 1
Moving cursor to 1 41
3
---------
Displaying rows 0 to 23
Moving cursor to 1 1
Moving cursor to 1 42
26
---------
Displaying rows 0 to 23
Moving cursor to 1 1
Moving cursor to 1 43
24
---------
Displaying rows 0 to 23
Moving cursor to 1 1
Moving cursor to 1 44
3
---------
Displaying rows 0 to 23
Moving cursor to 1 1
Moving cursor to 1 45
26
---------
Displaying rows 0 to 23
Moving cursor to 1 1
Moving cursor to 1 46
3
---------
Displaying rows 0 to 23
Moving cursor to 1 1
Moving cursor to 1 47
26
---------
Displaying rows 0 to 23
Moving cursor to 1 1
Moving cursor to 1 48
24
---------
Displaying rows 0 to 23
Moving cursor to 1 1
Moving cursor to 1 49
3
---------
Displaying rows 0 to 23
Moving cursor to 1 1
Moving cursor to 1 50
26
---------
Displaying rows 0 to 23
Moving cursor to 1 1
Moving cursor to 1 51
3
---------
Displaying rows 0 to 23
Moving cursor to 1 1
Moving cursor to 1 52
26
---------
Displaying rows 0 to 23
Moving cursor to 1 1
Moving cursor to 1 53
3
---------
Displaying rows 0 to 23
Moving cursor to 1 1
Moving cursor to 1 54
26
---------
Displaying rows 0 to 23
Moving cursor to 1 1
Moving cursor to 1 55
24
---------
Displaying rows 0 to 23
Moving cursor to 1 1
Moving cursor to 1 56
3
---------
Displaying rows 0 to 23
Moving cursor to 1 1
Moving cursor to 1 57
26
---------
Displaying rows 0 to 23
Moving cursor to 1 1
Moving cursor to 1 58
24
---------
Displaying rows 0 to 23
Moving cursor to 1 1
Moving cursor to 1 59
3
---------
Displaying rows 0 to 23
Moving cursor to 1 1
Moving cursor to 1 60
26
---------
Displaying rows 0 to 23
Moving cursor to 1 1
Moving cursor to 1 61
24
---------
Displaying rows 0 to 23
Moving cursor to 1 1
Moving cursor to 1 62
3
---------
Displaying rows 0 to 23
Moving cursor to 1 1
Moving cursor to 1 63
26
---------
Displaying rows 0 to 23
Moving cursor to 1 1
Moving cursor to 1 64
24
---------
Displaying rows 0 to 23
Moving cursor to 1 1
Moving cursor to 1 65
3
---------
Displaying rows 0 to 23
Moving cursor to 1 1
Moving cursor to 1 66
26
---------
Displaying rows 0 to 23
Moving cursor to 1 1
Moving cursor to 1 67
24
---------
Displaying rows 0 to 23
Moving cursor to 1 1
Moving cursor to 1 68
3
---------
Displaying rows 0 to 23
Moving cursor to 1 1
Moving cursor to 1 69
Moving cursor to 1 1
Moving cursor to 1 1
27
---------
Displaying rows 0 to 23
Moving cursor to 1 1
Moving cursor to 1 2
91
---------
Displaying rows 0 to 23
Moving cursor to 1 1
Moving cursor to 1 3
66
---------
Displaying rows 0 to 23
Moving cursor to 1 1
Moving cursor to 1 4
27
---------
Displaying rows 0 to 23
Moving cursor to 1 1
Moving cursor to 1 5
91
---------
Displaying rows 0 to 23
Moving cursor to 1 1
Moving cursor to 1 6
66
---------
Displaying rows 0 to 23
Moving cursor to 1 1
Moving cursor to 1 7
27
---------
Displaying rows 0 to 23
Moving cursor to 1 1
Moving cursor to 1 8
91
---------
Displaying rows 0 to 23
Moving cursor to 1 1
Moving cursor to 1 9
66
---------
Displaying rows 0 to 23
Moving cursor to 1 1
Moving cursor to 1 10
27
---------
Displaying rows 0 to 23
Moving cursor to 1 1
Moving cursor to 1 11
91
---------
Displaying rows 0 to 23
Moving cursor to 1 1
Moving cursor to 1 12
66
---------
Displaying rows 0 to 23
Moving cursor to 1 1
Moving cursor to 1 13
27
---------
Displaying rows 0 to 23
Moving cursor to 1 1
Moving cursor to 1 14
91
---------
Displaying rows 0 to 23
Moving cursor to 1 1
Moving cursor to 1 15
66
---------
Displaying rows 0 to 23
Moving cursor to 1 1
Moving cursor to 1 16
27
---------
Displaying rows 0 to 23
Moving cursor to 1 1
Moving cursor to 1 17
91
---------
Displaying rows 0 to 23
Moving cursor to 1 1
Moving cursor to 1 18
66
---------
Displaying rows 0 to 23
Moving cursor to 1 1
Moving cursor to 1 19
27
---------
Displaying rows 0 to 23
Moving cursor to 1 1
Moving cursor to 1 20
91
---------
Displaying rows 0 to 23
Moving cursor to 1 1
Moving cursor to 1 21
66
---------
Displaying rows 0 to 23
Moving cursor to 1 1
Moving cursor to 1 22
27
---------
Displaying rows 0 to 23
Moving cursor to 1 1
Moving cursor to 1 23
91
---------
Displaying rows 0 to 23
Moving cursor to 1 1
Moving cursor to 1 24
66
---------
Displaying rows 0 to 23
Moving cursor to 1 1
Moving cursor to 1 25
27
---------
Displaying rows 0 to 23
Moving cursor to 1 1
Moving cursor to 1 26
91
---------
Displaying rows 0 to 23
Moving cursor to 1 1
Moving cursor to 1 27
66
---------
Displaying rows 0 to 23
Moving cursor to 1 1
Moving cursor to 1 28
27
---------
Displaying rows 0 to 23
Moving cursor to 1 1
Moving cursor to 1 29
91
---------
Displaying rows 0 to 23
Moving cursor to 1 1
Moving cursor to 1 30
66
---------
Displaying rows 0 to 23
Moving cursor to 1 1
Moving cursor to 1 31
27
---------
Displaying rows 0 to 23
Moving cursor to 1 1
Moving cursor to 1 32
91
---------
Displaying rows 0 to 23
Moving cursor to 1 1
Moving cursor to 1 33
66
---------
Displaying rows 0 to 23
Moving cursor to 1 1
Moving cursor to 1 34
27
---------
Displaying rows 0 to 23
Moving cursor to 1 1
Moving cursor to 1 35
91
---------
Displaying rows 0 to 23
Moving cursor to 1 1
Moving cursor to 1 36
66
---------
Displaying rows 0 to 23
Moving cursor to 1 1
Moving cursor to 1 37
27
---------
Displaying rows 0 to 23
Moving cursor to 1 1
Moving cursor to 1 38
91
---------
Displaying rows 0 to 23
Moving cursor to 1 1
Moving cursor to 1 39
66
---------
Displaying rows 0 to 23
Moving cursor to 1 1
Moving cursor to 1 40
27
---------
Displaying rows 0 to 23
Moving cursor to 1 1
Moving cursor to 1 41
91
---------
Displaying rows 0 to 23
Moving cursor to 1 1
Moving cursor to 1 42
66
---------
Displaying rows 0 to 23
Moving cursor to 1 1
Moving cursor to 1 43
27
---------
Displaying rows 0 to 23
Moving cursor to 1 1
Moving cursor to 1 44
91
---------
Displaying rows 0 to 23
Moving cursor to 1 1
Moving cursor to 1 45
66
---------
Displaying rows 0 to 23
Moving cursor to 1 1
Moving cursor to 1 46
27
---------
Displaying rows 0 to 23
Moving cursor to 1 1
Moving cursor to 1 47
91
---------
Displaying rows 0 to 23
Moving cursor to 1 1
Moving cursor to 1 48
66
---------
Displaying rows 0 to 23
Moving cursor to 1 1
Moving cursor to 1 49
27
---------
Displaying rows 0 to 23
Moving cursor to 1 1
Moving cursor to 1 50
91
---------
Displaying rows 0 to 23
Moving cursor to 1 1
Moving cursor to 1 51
66
---------
Displaying rows 0 to 23
Moving cursor to 1 1
Moving cursor to 1 52
27
---------
Displaying rows 0 to 23
Moving cursor to 1 1
Moving cursor to 1 53
91
---------
Displaying rows 0 to 23
Moving cursor to 1 1
Moving cursor to 1 54
66
---------
Displaying rows 0 to 23
Moving cursor to 1 1
Moving cursor to 1 55
27
---------
Displaying rows 0 to 23
Moving cursor to 1 1
Moving cursor to 1 56
91
---------
Displaying rows 0 to 23
Moving cursor to 1 1
Moving cursor to 1 57
66
---------
Displaying rows 0 to 23
Moving cursor to 1 1
Moving cursor to 1 58
27
---------
Displaying rows 0 to 23
Moving cursor to 1 1
Moving cursor to 1 59
91
---------
Displaying rows 0 to 23
Moving cursor to 1 1
Moving cursor to 1 60
66
---------
Displaying rows 0 to 23
Moving cursor to 1 1
Moving cursor to 1 61
27
---------
Displaying rows 0 to 23
Moving cursor to 1 1
Moving cursor to 1 62
91
---------
Displaying rows 0 to 23
Moving cursor to 1 1
Moving cursor to 1 63
66
---------
Displaying rows 0 to 23
Moving cursor to 1 1
Moving cursor to 1 64
27
---------
Displaying rows 0 to 23
Moving cursor to 1 1
Moving cursor to 1 65
91
---------
Displaying rows 0 to 23
Moving cursor to 1 1
Moving cursor to 1 66
66
---------
Displaying rows 0 to 23
Moving cursor to 1 1
Moving cursor to 1 67
27
---------
Displaying rows 0 to 23
Moving cursor to 1 1
Moving cursor to 1 68
91
---------
Displaying rows 0 to 23
Moving cursor to 1 1
Moving cursor to 1 69
66
---------
Displaying rows 0 to 23
Moving cursor to 1 1
Moving cursor to 1 70
27
---------
Displaying rows 0 to 23
Moving cursor to 1 1
Moving cursor to 1 71
91
---------
Displaying rows 0 to 23
Moving cursor to 1 1
Moving cursor to 1 72
66
---------
Displaying rows 0 to 23
Moving cursor to 1 1
Moving cursor to 1 73
27
---------
Displaying rows 0 to 23
Moving cursor to 1 1
Moving cursor to 1 74
91
---------
Displaying rows 0 to 23
Moving cursor to 1 1
Moving cursor to 1 75
66
---------
Displaying rows 0 to 23
Moving cursor to 1 1
Moving cursor to 1 76
27
---------
Displaying rows 0 to 23
Moving cursor to 1 1
Moving cursor to 1 77
91
---------
Displaying rows 0 to 23
Moving cursor to 1 1
Moving cursor to 1 78
66
---------
Displaying rows 0 to 23
Moving cursor to 1 1
Moving cursor to 1 79
17
---------
Displaying rows 0 to 23
Moving cursor to 1 1
Moving cursor to 1 80
27
91
66
---------
Displaying rows 0 to 23
27
91
66
---------
Displaying rows 0 to 23
100
27
91
66
---------
Displaying rows 0 to 23
27
91
66
---------
Displaying rows 0 to 23
27
91
66
---------
Displaying rows 0 to 23
27
91
66
---------
Displaying rows 0 to 23
27
91
66
---------
Displaying rows 0 to 23
102
27
91
66
---------
Displaying rows 0 to 23
27
91
66
---------
Displaying rows 0 to 23
27
91
66
---------
Displaying rows 0 to 23
100
---------
Displaying rows 0 to 23
100
---------
Displaying rows 0 to 23
100
---------
Displaying rows 0 to 23
100
---------
Displaying rows 0 to 23
27
91
67
---------
Displaying rows 0 to 23
27
91
67
---------
Displaying rows 0 to 23
27
91
67
---------
Displaying rows 0 to 23
100
---------
Displaying rows 0 to 23
27
91
67
---------
Displaying rows 0 to 23
100
---------
Displaying rows 0 to 23
27
91
67
---------
Displaying rows 0 to 23
100
---------
Displaying rows 0 to 23
27
91
67
---------
Displaying rows 0 to 23
27
91
66
---------
Displaying rows 0 to 23
27
91
66
---------
Displaying rows 0 to 23
27
91
66
---------
Displaying rows 0 to 23
27
91
66
---------
Displaying rows 0 to 23
27
91
66
---------
Displaying rows 0 to 23
27
91
66
---------
Displaying rows 0 to 23
27
91
66
---------
Displaying rows 0 to 23
27
91
66
---------
Displaying rows 0 to 23
27
91
66
---------
Displaying rows 0 to 23
27
91
66
---------
Displaying rows 0 to 23
27
91
66
---------
Displaying rows 0 to 23
100
---------
Displaying rows 0 to 23
100
---------
Displaying rows 0 to 23
100
---------
Displaying rows 0 to 23
27
91
68
---------
Displaying rows 0 to 23
27
91
68
---------
Displaying rows 0 to 23
27
91
68
---------
Displaying rows 0 to 23
27
91
68
---------
Displaying rows 0 to 23
27
91
68
---------
Displaying rows 0 to 23
27
91
66
---------
Displaying rows 0 to 23
27
91
66
---------
Displaying rows 0 to 23
27
91
66
---------
Displaying rows 0 to 23
27
91
66
---------
Displaying rows 0 to 23
27
91
66
---------
Displaying rows 0 to 23
27
91
66
---------
Displaying rows 0 to 23
27
91
66
---------
Displaying rows 0 to 23
27
91
66
---------
Displaying rows 0 to 23
27
91
66
---------
Displaying rows 0 to 23
27
91
66
---------
Displaying rows 1 to 24
27
91
66
---------
Displaying rows 2 to 25
27
91
66
---------
Displaying rows 3 to 26
27
91
66
---------
Displaying rows 4 to 27
27
91
66
---------
Displaying rows 5 to 28
27
91
66
---------
Displaying rows 6 to 29
27
91
66
---------
Displaying rows 7 to 30
27
91
66
---------
Displaying rows 8 to 31
27
91
66
---------
Displaying rows 9 to 32
27
91
66
---------
Displaying rows 10 to 33
27
91
66
---------
Displaying rows 11 to 34
27
91
66
---------
Displaying rows 12 to 35
27
91
66
---------
Displaying rows 13 to 36
27
91
66
---------
Displaying rows 14 to 37
27
91
66
---------
Displaying rows 15 to 38
27
91
66
---------
Displaying rows 16 to 39
27
91
66
---------
Displaying rows 17 to 40
27
91
66
---------
Displaying rows 18 to 41
27
91
66
---------
Displaying rows 19 to 42
27
91
66
---------
Displaying rows 20 to 43
27
91
66
---------
Displaying rows 21 to 44
27
91
66
---------
Displaying rows 22 to 45
ANSI.ESCAPE found!
27
91
66
---------
Displaying rows 23 to 46
ANSI.ESCAPE found!
ANSI.ESCAPE found!
27
91
66
---------
Displaying rows 24 to 47
ANSI.ESCAPE found!
ANSI.ESCAPE found!
27
91
66
---------
Displaying rows 25 to 48
ANSI.ESCAPE found!
ANSI.ESCAPE found!
27
91
66
---------
Displaying rows 26 to 49
ANSI.ESCAPE found!
ANSI.ESCAPE found!
27
91
66
---------
Displaying rows 27 to 50
ANSI.ESCAPE found!
ANSI.ESCAPE found!
27
91
66
---------
Displaying rows 28 to 51
ANSI.ESCAPE found!
ANSI.ESCAPE found!
27
91
65
---------
Displaying rows 28 to 51
ANSI.ESCAPE found!
ANSI.ESCAPE found!
27
91
65
---------
Displaying rows 28 to 51
ANSI.ESCAPE found!
ANSI.ESCAPE found!
127
ANSI.ESCAPE found!
ANSI.ESCAPE found!
127
ANSI.ESCAPE found!
ANSI.ESCAPE found!
127
ANSI.ESCAPE found!
ANSI.ESCAPE found!
127
ANSI.ESCAPE found!
ANSI.ESCAPE found!
127
27
91
66
---------
Displaying rows 0 to 23
27
91
66
---------
Displaying rows 0 to 23
27
91
66
---------
Displaying rows 0 to 23
27
91
66
---------
Displaying rows 0 to 23
27
91
66
---------
Displaying rows 0 to 23
27
91
66
---------
Displaying rows 0 to 23
27
91
66
---------
Displaying rows 0 to 23
27
91
66
---------
Displaying rows 0 to 23
27
91
66
---------
Displaying rows 0 to 23
27
91
66
---------
Displaying rows 0 to 23
27
91
66
---------
Displaying rows 0 to 23
27
91
66
---------
Displaying rows 0 to 23
27
91
66
---------
Displaying rows 0 to 23
27
91
66
---------
Displaying rows 0 to 23
27
91
66
---------
Displaying rows 0 to 23
27
91
66
---------
Displaying rows 0 to 23
27
91
66
---------
Displaying rows 0 to 23
27
91
66
---------
Displaying rows 0 to 23
27
91
66
---------
Displaying rows 0 to 23
27
91
66
---------
Displaying rows 0 to 23
27
91
66
---------
Displaying rows 0 to 23
27
91
66
---------
Displaying rows 0 to 23
27
91
66
---------
Displaying rows 0 to 23
27
91
66
---------
Displaying rows 1 to 24
27
91
66
---------
Displaying rows 2 to 25
27
91
66
---------
Displaying rows 3 to 26
27
91
66
---------
Displaying rows 4 to 27
27
91
66
---------
Displaying rows 5 to 28
27
91
66
---------
Displaying rows 6 to 29
27
91
66
---------
Displaying rows 7 to 30
27
91
66
---------
Displaying rows 8 to 31
27
91
66
---------
Displaying rows 9 to 32
27
91
66
---------
Displaying rows 10 to 33
27
91
66
---------
Displaying rows 11 to 34
27
91
66
---------
Displaying rows 12 to 35
27
91
67
---------
Displaying rows 12 to 35
27
91
67
---------
Displaying rows 12 to 35
27
91
67
---------
Displaying rows 12 to 35
27
91
67
---------
Displaying rows 12 to 35
27
91
67
---------
Displaying rows 12 to 35
127
---------
Displaying rows 12 to 35
127
---------
Displaying rows 12 to 35
127
---------
Displaying rows 12 to 35
27
91
65
---------
Displaying rows 12 to 35
27
91
65
---------
Displaying rows 12 to 35
27
91
65
---------
Displaying rows 12 to 35
27
91
65
---------
Displaying rows 12 to 35
127
---------
Displaying rows 12 to 35
27
91
67
---------
Displaying rows 12 to 35
27
91
67
---------
Displaying rows 12 to 35
27
91
67
---------
Displaying rows 12 to 35
27
91
67
---------
Displaying rows 12 to 35
27
91
67
---------
Displaying rows 12 to 35
27
91
67
---------
Displaying rows 12 to 35
127
---------
Displaying rows 12 to 35
127
---------
Displaying rows 12 to 35
127
---------
Displaying rows 12 to 35
127
---------
Displaying rows 12 to 35
27
91
67
---------
Displaying rows 12 to 35
27
91
67
---------
Displaying rows 12 to 35
127
---------
Displaying rows 12 to 35
127
---------
Displaying rows 12 to 35
127
---------
Displaying rows 12 to 35
127
---------
Displaying rows 12 to 35
27
91
51
126
---------
Displaying rows 12 to 35
27
91
51
126
---------
Displaying rows 12 to 35
27
91
51
126
---------
Displaying rows 12 to 35
27
91
51
126
---------
Displaying rows 12 to 35
27
91
51
126
---------
Displaying rows 12 to 35
27
91
51
126
---------
Displaying rows 12 to 35
27
91
51
126
---------
Displaying rows 12 to 35
27
91
65
---------
Displaying rows 12 to 35
27
91
51
126
---------
Displaying rows 12 to 35
17
27
27
27
91
66
---------
Displaying rows 0 to 23
27
91
66
---------
Displaying rows 0 to 23
27
91
66
---------
Displaying rows 0 to 23
27
91
66
---------
Displaying rows 0 to 23
27
91
66
---------
Displaying rows 0 to 23
27
91
66
---------
Displaying rows 0 to 23
27
91
66
---------
Displaying rows 0 to 23
27
91
66
---------
Displaying rows 0 to 23
27
91
66
---------
Displaying rows 0 to 23
27
91
66
---------
Displaying rows 0 to 23
27
91
66
---------
Displaying rows 0 to 23
27
91
51
126
---------
Displaying rows 0 to 23
27
91
67
---------
Displaying rows 0 to 23
27
91
67
---------
Displaying rows 0 to 23
27
91
67
---------
Displaying rows 0 to 23
27
91
51
126
---------
Displaying rows 0 to 23
17
27
91
66
---------
Displaying rows 0 to 23
27
91
66
---------
Displaying rows 0 to 23
27
91
66
---------
Displaying rows 0 to 23
27
91
66
---------
Displaying rows 0 to 23
27
91
51
126
---------
Displaying rows 0 to 23
---------
Displaying rows 0 to 23
27
91
51
126
---------
Displaying rows 0 to 23
---------
Displaying rows 0 to 23
27
91
51
126
---------
Displaying rows 0 to 23
---------
Displaying rows 0 to 23
27
91
66
---------
Displaying rows 0 to 23
27
91
66
---------
Displaying rows 0 to 23
27
91
66
---------
Displaying rows 0 to 23
27
91
67
---------
Displaying rows 0 to 23
27
91
67
---------
Displaying rows 0 to 23
119
---------
Displaying rows 0 to 23
119
---------
Displaying rows 0 to 23
119
---------
Displaying rows 0 to 23
27
91
68
---------
Displaying rows 0 to 23
27
91
51
126
---------
Displaying rows 0 to 23
---------
Displaying rows 0 to 23
27
91
68
---------
Displaying rows 0 to 23
27
91
68
---------
Displaying rows 0 to 23
27
91
51
126
---------
Displaying rows 0 to 23
---------
Displaying rows 0 to 23
27
91
66
---------
Displaying rows 0 to 23
27
91
66
---------
Displaying rows 0 to 23
127
---------
Displaying rows 0 to 23
27
91
66
---------
Displaying rows 0 to 23
27
91
66
---------
Displaying rows 0 to 23
27
79
70
---------
Displaying rows 0 to 23
27
91
67
---------
Displaying rows 0 to 23
27
91
67
---------
Displaying rows 0 to 23
27
91
67
---------
Displaying rows 0 to 23
27
91
67
---------
Displaying rows 0 to 23
27
91
67
---------
Displaying rows 0 to 23
27
91
67
---------
Displaying rows 0 to 23
27
91
67
---------
Displaying rows 0 to 23
27
91
67
---------
Displaying rows 0 to 23
27
91
67
---------
Displaying rows 0 to 23
27
91
67
---------
Displaying rows 0 to 23
27
91
67
---------
Displaying rows 0 to 23
27
91
67
---------
Displaying rows 0 to 23
27
91
66
---------
Displaying rows 0 to 23
27
91
66
---------
Displaying rows 0 to 23
127
---------
Displaying rows 0 to 23
127
---------
Displaying rows 0 to 23
27
91
51
126
---------
Displaying rows 0 to 23
---------
Displaying rows 0 to 23
27
91
68
---------
Displaying rows 0 to 23
27
91
68
---------
Displaying rows 0 to 23
27
91
68
---------
Displaying rows 0 to 23
27
91
68
---------
Displaying rows 0 to 23
127
---------
Displaying rows 0 to 23
27
91
67
---------
Displaying rows 0 to 23
27
91
51
126
---------
Displaying rows 0 to 23
---------
Displaying rows 0 to 23
27
91
51
126
---------
Displaying rows 0 to 23
---------
Displaying rows 0 to 23
